   16.1350186345927        23.9671835487641        13.4687779356150     
   30.5207182639256        34.0205474167031        28.5276106176949     
   28.5117337571012        35.5871549124251        18.5743106460228     
   20.1559463016488        17.4201961946662        1.00692548686409     
   29.2651008748220        25.3165062670292        20.1464926890484     
   16.8509552170894        14.7933923265565        17.3767239730105     
   29.5626940911796        4.73557603829057        28.2352469336109     
   27.2254840193805        21.4649851708974        30.4531650567619     
   27.3908901391387        15.4971561934464        15.0027863068807     
   12.9865662511910        7.17182476551052        17.8965915760583     
   31.6835592164800        20.4128930286016        29.3664727999317     
   12.6081651347588        14.3223977897797        20.3404127470551     
   3.36043297416125        9.01989540035695        32.0635560203243     
   25.7289959164328        4.05075276845629        33.8352507230417     
   33.2734859350606        10.1830158342254        17.2617018791496     
   15.2499481205109        18.4436464541403        14.8834549528640     
   15.2508023480199        35.1785626688220        9.77669354180063     
   33.8994245343864        27.7264536836859        1.05200357662372     
   19.7529254944651        2.06087668275301        18.7748226420075     
   31.6339128743400        24.4228130181775        4.51236496733137     
   13.6658201693952        24.7295126497248        4.19481148759822     
   2.04746631625907        32.3904983645624        1.57443766743376     
   21.1144430451326        34.4615564178520        5.14484654409445     
   23.1874422542890        10.1451053825094        14.0498158330936     
   9.08617062635561        19.3843529944146        8.63703770055072     
   35.7098902221377        26.1718624823723        19.8344916964925     
   7.02669492590275        31.6138242622346        26.9704572841947     
   8.36130376771926        20.2933318174140        25.6120774990447     
   1.31345523782532        21.8036287138699        18.8580812275518     
   17.8594414180801        11.9149129618077        21.3070482412470     
   16.5867909346103        19.8478553208896        32.4480955236119     
   29.4778058412770        3.29690992486512        2.36657379094725     
   16.6933149611470        5.20463695811542        8.02579678193535     
   30.1832430694086        9.27670020105935        21.5236642952032     
   21.5242861846959        29.3641951131349        30.9764471288886     
   30.2301247765720        16.2617044277493        9.38148066193514     
   10.7317006411129        20.6440134846934        13.0028597629520     
   9.56065899394916        3.95808362200568        34.7436030828473     
   35.0099931833551        16.9120234576777        20.9901810483174     
   13.0112033417957        33.1773162305496        15.9569215253888     
   23.7833758744092        7.33154885254442        28.8696416099373     
   22.7130554615926        11.6409176134087        30.0425198127102     
   18.3694570793520        19.6746535180597        10.7023607334678     
   13.5420246404550        27.6850040562415        33.6349629896217     
   9.40020688003217        27.7251510119260        1.08362017545235     
   32.8146346466791        33.2578903799788        34.4326301895460     
   23.0820581527382        25.3865282573187        17.1042119617793     
   22.9319393587833        21.3254738982888       0.477234580667414     
   22.6938096201873        18.1057553252930        12.4940061230519     
   30.2538709317589        33.2724411184357        23.4655105901569     
   8.10994209037638        8.91874485331000        2.04046359687657     
   8.94748909547867        35.7902294390057        31.2708528175884     
   3.98958456795544        16.7972587892939        24.2064307871105     
   18.5448585826821        20.0399107711517        21.4958452502622     
   20.2683273934840        27.6026678699448        4.51113456707452     
   10.4687465605589        26.7922337594176        14.8634537623581     
   1.38379346571169        17.5707424826187        11.7194310280606     
   13.6105735830503        32.0753950893541        30.6829215065396     
  0.339466406987480        27.1318944999895        7.32484494002265     
   9.98859557018034        12.3090459798497        10.7310000017063     
   32.5662698913153        11.8620234579304        10.4153895580853     
   4.07803266861545        2.80192509328373        26.9490252243795     
   21.4420928308465        2.21964383173679        1.28316359334030     
   23.8444758872622        21.7770023303622        21.2339162190932     
   10.5213329604440        17.0199950796610        16.5812725496112     
   18.0724822531544        30.8965714256680        7.62462943614193     
   8.70017377164049        3.56478598669500        3.82298418024674     
   21.9154268795128        29.2806090223045        22.9709818032663     
  0.465419612639898        1.24499693636964        21.9706418920497     
   25.3700460632824        26.3736143696402        10.2247988591786     
   6.09966943638996        14.1309946096598        32.4345470976132     
   21.3622084057866        16.9459862433828        23.9206206968791     
   14.9435744003341        30.0877547160888        3.99256433186292     
   16.6863971276177        27.6430414536294        23.6651456288481     
   26.3018252646829        31.0911309330615        7.03462168693280     
   27.5583545029859        28.4048883120943        31.4075089513827     
   30.7626669080334        28.2855181693192        9.30087223021400     
   15.3362459639410        27.9450498275214        15.6129788256845     
   7.05134325191670        25.3592860588731        24.2023648020132     
  0.515990432754107        21.0082465286545        14.3706888671054     
   35.4191140676091        33.8870568801808        12.1388006146132     
   30.5131976045872        33.5128760661544        10.1195461451198     
   16.6580226355257        24.1802786597751        27.0142024689149     
   19.7703638205078        12.6142324630371        26.5196964042408     
   26.1196493458682        31.8150646088815        28.0242636454894     
   22.3866481496913        35.7239306236404        11.3436166997407     
   25.2344864712276        9.36520762131060        33.4050256208825     
   30.7690246550814        19.4737154866339        23.0065778593108     
   7.02058427751157        33.2800563815851        35.6356234345120     
   1.65975422924131        35.6617851042318        5.43588750782148     
   30.6976679878972        24.1990357117061        34.5610359514930     
   25.6490426704887       0.697656709000887        7.42600715024305     
   1.40982820771890        24.5594415933968        35.0126160558731     
   34.5222482582681        8.44146377463851        21.5917320190297     
   4.40454386045528        19.9511130135444        7.19868731182547     
   18.1364720424137        34.5218296388227       0.484098945150543     
   10.5388570062993        35.2124991404264        11.9594000356099     
   2.12255283740894        11.0104441651285        17.7610550099429     
   5.37410218093995        19.3206419443537        13.7557433283093     
   35.3434642082849        17.1943765705807        27.2422735485814     
  0.982535805091853        5.43725529415028        16.0734305695491     
   11.4274344465097        31.9508127639074        6.37943955579535     
   31.9626980152831        13.6509363023159        1.82674681693817     
   32.6238627367843        25.2078332424677        16.2268323945500     
   4.05200831132928        20.5926174037239        28.3680139031019     
   35.5474651312141        2.22511250511428        29.2046840807331     
   31.4300387198701        18.9307095021363        13.1225429611555     
   20.9419792370490        11.5239099903841       0.454707011968346     
   7.86998975974615        16.5183428857840        28.4451992043673     
   22.7730006498456        31.3258050482854        1.66512840710473     
   25.6515003414863        35.6625365492669        1.37428188761309     
   35.5038949341666        24.0954131893619        29.4740224769729     
   3.02000233304807        28.5021157637636        24.8120535703313     
   16.0844656203388        15.4402615227831        10.9103042669054     
   27.3729907899878        21.0703173870762        3.38002125264434     
   32.5838121351544        29.5584554131472        30.9697625529959     
   3.34759882638678        33.6353035377832        31.9134019691904     
   9.35249118233306        22.0165191555555        17.7498947615610     
   14.5615965506366        19.7854170550635        1.62793445613433     
   1.81386348863416        16.6386578007564        31.3036286529514     
   9.58881292246565        29.7149847909836        23.4349962955665     
   18.2260604145958        29.1465479522881        35.5287417449365     
   8.49784747308022        4.47857387956785        18.1406239635194     
   20.2343332909574        13.3714481520898        12.7361481535303     
   20.6586143875609        24.6570856329831        30.3218468025785     
   17.1094431016612        17.6789534598431        5.61996261182466     
   34.3896946313190        7.10582865130544        9.08332666963611     
   10.0528410159003        11.5745598709019        34.0039444256227     
   17.5323407792513        3.63280607836779        34.2736792722664     
   21.7803369509671        24.0377895092147        12.4218819590845     
   23.0745909992626       0.109870067457829        22.9994113193203     
   34.2818187619739        15.4720772913607        16.8272544627050     
   12.5571770239663        1.52300081674540        17.2409642958371     
   30.4385187124656        14.3120204049058        21.0814433010390     
   20.1465920282919        29.8596418757703        15.9446301892615     
   33.8768433070413        15.6832803957747        5.95463047768015     
   5.04093799799911        20.8177036987140        21.4560485814127     
   15.4642490216646        3.69882015766285        21.9977864059657     
   12.6261054724225        5.44333836668542        5.90737621195598     
   23.0661577965995        2.40099617318571        15.6567047087781     
   6.69423875416807        34.4233062790198        6.42764774819668     
   17.6547803080500        9.55697812826734        31.7938163163372     
   4.05980068403951        24.5429101512357        8.29780213808118     
   28.6494358994857        9.81991470740941        13.2924852461246     
   21.5014129533755        16.2596707668620        5.96385403472401     
   14.1454124731414       0.194197872951293        27.4760185771048     
   30.1465994311161        33.7798349024462        3.88118141869573     
   5.37685301741156        3.95653158415619        14.5294156793372     
   4.19784990615980        1.60778585687443        1.80129887514427     
   11.8093541472683        3.91776072203896        25.4067453637662     
   34.6737156759698        9.81134987426168       0.667622120232346     
   3.65079549057378        13.3385877793630        28.5795949761420     
   5.14538557221136        32.3087104365851        21.0130650338327     
   1.07846991868012        29.1520750816397        14.2664762803770     
   6.54441185483279        19.9655572756670        2.66115850246669     
   32.9203101684149        33.8270528889599        17.1829817271532     
   18.6505897278050        28.1520245390106        11.5155022005282     
   33.9042754952955        28.9755151539688        26.4554702326023     
   23.8383507648783        26.7397734646102        34.9677791124842     
   18.2021147770894        17.7261560323472        27.4050037602861     
   13.6148608571783        9.40106008700939        3.05016633288929     
   13.3324819876453        27.1323066064376        8.72058405636507     
   4.30929828563414        19.5362912574634        33.8220014987064     
   2.55099875826905        2.04807049681021        9.29494902535417     
   21.0193235865920        24.3176807598694        23.5474374859208     
   26.4659683472548        28.5050894084513        19.4473439654109     
   17.9849832496748        25.1700340738023        19.2732554934208     
   29.3995857467580        21.6929528222407        9.24319876502377     
   22.9896795083025        5.02282358593592        10.1696964253150     
   20.9366469174519        3.50731894795105        5.24718995222284     
   18.1562466281437        9.19050598474338        3.71960622470728     
   25.8899678420087        16.7201209947413        35.7120752795291     
   6.06290712471456        1.18929618179464        22.2280968902465     
   30.7334549949800        17.5327979853583        34.1018648995284     
   28.6193790518437        27.7686353701590        24.3193093977606     
   1.49973550656998        6.61330678172464        25.8261128400523     
   6.59556012172178        8.47083016923086        24.1989808248117     
   12.6849538825966        22.9019096787058        31.0634368932759     
   2.38230016839348        16.3203008349436        4.64519344216587     
   13.9121292314034        31.2875789029906        25.2756754630869     
   34.7525862173720        20.9248930349205        33.0144710489512     
   4.03553575540243        24.6581963096566        14.4149479022303     
   15.0421627681672        10.8869481093642        13.9809926826599     
   35.0025151832490        21.1966606675264        24.1345253751814     
   13.4425524528333        14.1132080437163        27.8419830834558     
   26.9891743762656        34.2716910039378        32.5892342577073     
   3.34338875593270        5.78130238011891        4.60899319987495     
   29.0882564785029        10.9500239881288        31.3071621746534     
   4.85729038329207        16.2436361182377        18.0922463702274     
   20.0103996341444        11.5821557919533        7.19545252395503     
   18.0761660272769       0.883118040049143        25.1275385731220     
   12.1405491427793        3.98659259487533        11.7795999046620     
   5.34762068627863        15.4521187002662        10.3406248669782     
   7.36880249299390        23.9772224359028        11.2252893731617     
   8.60629579292233        10.2535617547250        19.8791196485849     
   21.7793710960874        16.8238583460042        17.1095805775797     
  0.520801635921330        15.4180557912734       0.766008365699038     
   19.2737559637121        14.7080400091350        31.4771848585303     
   32.9113118816803        25.3339924645810        23.2584911108078     
   6.53402122415297        6.93712176780566        29.0346589395477     
   2.30202201848078        12.6488679109269        12.6636499186561     
   24.1002681134522        13.5239578211847        2.98117867096592     
   26.0613446415711        21.5205403123219        13.5268433342463     
   7.83198234225705        35.2733684312763        17.0615546387937     
   27.5558965937811        16.5792525769635        5.39086040533707     
   19.3495870696639        5.22957329122079        29.0614561014712     
   34.8969916073472        24.6699256278335        11.4757555121385     
   12.4644715061588        25.0386841859319        22.9422299544539     
   15.0545776863001        8.29688674049841        26.7045705345881     
   16.2561623426753        28.0127692704418        29.9401995041722     
   31.8458557172583        1.91315362336318        13.2730881625555     
   2.12439030116603        35.6671318741160        16.7223986883017     
   18.5712960200244        24.1943659029941        7.62312206974328     
   10.5847315106922        34.4497817606824        21.0790824385698     
   19.0017807566222        8.42094077502638        10.8433733929273     
   13.6557791638463        8.77472983401091        9.87850487504326     
   24.0733326959332        14.4445934351374        20.5296379333778     
   32.7038291584099        3.50883949005317        18.3916971287258     
   30.8774410808243        6.96616198026008        33.7112214674281     
   23.5036578826396        30.6619686625060        10.7608538048388     
   11.1095322371710        11.5647137578042        16.0530422627565     
   18.5441633537954        23.3190450882559        1.45856189579833     
   13.2715275061563        21.7863692269478        19.9190811687104     
   7.34145578479041        8.34790410400863        7.59404073959200     
   27.2430423131211        4.94550510385206        16.9328362587265     
   9.62516240331265        18.7752195654436        33.1520102363426     
   24.6781927250506        19.5179321563753        7.92199550657805     
   7.69592731991140        23.2577125545838        30.5725782838367     
   23.2545045070775        6.68829064944897        19.0763733045156     
   20.8756212606684        6.31788395664540        33.6541202641192     
   24.7200915083585        26.6780480294702        26.8428366802616     
   8.12969043747937        29.7256814934002        32.9970160203072     
   13.5656262169563        8.09129290261888        34.1576417055498     
   3.37212613522802        12.3313464799358        22.0112254476700     
   15.5669052529447        13.6707841843051        5.85210842514813     
   25.0943287551124        13.4587720360484        26.0694846166378     
   6.92260425271497        29.7566669578164        4.91501625699499     
   3.86776630292551        26.5112675820966        29.6824679725694     
   25.9630031673007        22.3597148895610        25.1152811189812     
   6.28536258533779        27.4231918320924        19.4597483759077     
   32.0302053087767        29.8884102446851        13.7196083573124     
   19.2469970262935        21.3735203967390        16.2006372140584     
   1.65813115069070        11.4662959295766        7.44470981088396     
   13.7442541946962        14.3325314313271        32.9438014159064     
   25.5173586015421        9.30167368672561        9.34455883671069     
   31.5946271963477        20.1430874843331        17.7148797464836     
   28.2517074339068        30.3315529480178       0.666365445830224     
   12.7242250794580        18.7211225581744        28.9921644467477     
   11.2430126411924        27.6292143388575        27.9777472682186     
   13.8121956160996        21.0700603901831        8.05563575069305     
   16.9119811975887        3.92521395561409        13.4020862390804     
   8.79167917996771        11.2097288570925        29.6573409907808     
   32.4849987177098        1.76805616556094        7.13301959447271     
   6.96381430890520        12.8836677422907        6.64796406610104     
   26.5019257484420        11.1434531704286        18.1726215783969     
   17.8862010874738        8.19685370146746        17.9032574931085     
   18.0176887954942        34.6875166561441        14.6914405019518     
   20.9226526799898        21.5464103583141        5.53725154976358     
   26.1318010033545        26.1310074424422        3.93012009101144     
   32.1283096255245        2.93268542600315        24.0443971915268     
   3.48048137593126        5.09681833133229        21.4139885470265     
   28.2658269206489        32.5576566064325        14.4547186086312     
   7.42649975349337        15.3819052258771        1.76915580558163     
  0.206469424674826        4.30927042788665        33.8820348288098     
   25.7153517560270        7.19535342748494        24.0633324668271     
   6.39756918494458        30.7793032589378        15.4780140635307     
   16.0008443753862        35.0435078115187        4.53769265513201     
   11.3366613731337        23.4759417672701        35.2315758109102     
   24.1176106185273        2.02142275732501        29.2226809289301     
   24.8668785062934        18.2684487772063        27.6575929179872     
   9.08044385417868        29.0330265339049        9.40732638311168     
   3.73578133168739        27.0314312791271        2.92089056936617     
   27.5765301935934        2.86750942430313        22.0448510005399     
   1.70817910170527        28.9148360852995        33.5404275925433     
   13.0213504015176        29.4566557445395        19.3058317639841     
   13.6268032209050        9.15254007862902        22.2252518552173     
   34.8008427644650        32.2675332143107        21.5060247882186     
   6.75630608115394        12.3001277753863        15.3883656517424     
   34.4631471064101        8.10396393961027        30.0617054293184     
   25.6710210009390        15.0399523822198        30.9388392176028     
   17.8063335142364        33.0019248959081        20.0499442017809     
   30.5541955443803        2.15497155337179        32.8399269097865     
   8.63753855984021       0.350814244231554        26.1830168600390     
   33.5984995234912        20.1209374438176        2.51133544991969     
   12.6756286272865       0.272928567504685        35.3114682852260     
   22.7070485598426        10.8692850047373        22.9192401760841     
   19.1163920802291       0.107927066968192        30.0611692473652     
   30.9182515176386        25.5726783155662        28.2285551667570     
   19.5167581451326        31.5801384686978        26.5194712708875     
   26.8926853181992        27.5913712511681        14.9045330631243     
   15.3791951417758        13.4401086120069        1.14787437088788     
   3.50134290114768        29.9520986084246        10.1764337956832     
   2.14822530607458        33.6991234514094        26.0966352697933     
   5.50020703921007        3.39353187607258        31.3814380528571     
   9.76559829015810        18.2018139803690        21.0479116979732     
   7.86576632440042        13.6426697369946        23.4482275279826     
   35.6932937610698        32.0890070335087        7.37943600452194     
   25.2331885034893        14.5850106007608        9.97286932475255     
   14.1281794605370        4.31128608335902        30.5094144268732     
   19.6059895630041        5.88963559578715        23.8234797784889     
   23.6718765939074        33.1171838470583        18.0514503112250     
   3.95032707848483        11.6421094101355        2.67070753427200     
   24.0567549732465        7.91112871161269        5.05692808236174     
   5.94384080149783        25.0057288072262        34.3808803508062     
   8.77937090708352        24.5249355350101        5.94734805336109     
   15.0795963893408        4.31413647014304        2.41829186168168     
   22.3912744297995        33.7303830497847        33.0036430401728     
   2.73570600141437        8.12497202611600        11.6050410844393     
   14.4851927941032        20.6516886862670        24.9749073860627     
   29.0518316197301        6.22196422925358        6.05925985673869     
   30.2436448654359        15.6723544556379        28.7294356856144     
   29.2864790846373        11.0007855338234        26.0859662657453     
   34.3488086514046        13.1381009332418        32.0748944822569     
   10.8488360886210        15.3815421260075        5.62769516996324     
   34.5964603784686        12.8024599798380        24.5760710565434     
   29.6423242280000        5.52239491475962        11.2748629972201     
  0.882642902640456        23.2997349845915        4.19652381904575     
   33.1166682923763        10.3598082083614        5.68660208629767     
   8.84521976002294        8.33890968679922        12.7235010481473     
   33.6732686393015       0.993930387822823        1.36529644169135     
   22.2356754106660        18.8672464257147        31.8711545261927     
   35.6446497387599        20.7915671077633        8.42717969170614     
   28.6286144934095        11.8138265999136        6.56092254073228     
   7.52395371284828        3.47013700921703        8.90134097359476     
   24.3369160394781        2.65148285919999        19.4814829076636     
   5.47389961650817        34.9626606631285        28.6607465787987     
   21.4092244387187        2.37484637822773        33.1897362903252     
   32.2801316754816       0.165989982710572        21.0012332920432     
   21.5939060472225        15.6839797656373        28.0934679453639     
   15.8580562041466        4.36844384311059        26.4934986250265     
   24.6516078828403        30.3663851656529        33.6640546949873     
   8.35623691377791        14.3339627115051        18.9890107419348     
   18.8559829193905        17.0381877191906        14.1757129259626     
   33.1668964092105        23.0619114227139        20.1204973446091     
   29.8641300342754        8.95537375442784        9.02216714426466     
   18.6398683924678        31.7197983068150        3.52156248639451     
   24.8207055660092        25.9627538059833        22.7841699790492     
   16.5967471589195        21.6998901206100        4.86890120942394     
   3.19301161513025        22.9855816001793        31.6538517837957     
   7.16767389954853        17.0089273419572        5.86026286168469     
   14.7198191833404        11.0844559715206        18.5790426021123     
   2.20020420301945        5.48992030376098        30.2036248530361     
   35.0406874731585        29.7032871563376        10.5319682809818     
   11.1042040562867        28.0017658456724        5.28414866330996     
   29.9703046351163        29.7123537922532        27.7873655382528     
   33.5290779725248        17.1698176160468        31.0790258805636     
   2.80385799746370        21.8682677834841        11.2482976989783     
   16.4991230277527        23.2210451752550        22.1139202527747     
   4.87535228019087        2.41898133146393        18.5236655001365     
   27.7011769550962        30.0709649138311        11.3365331392484     
   6.21593335231961        11.1271986762058        10.7486519990262     
   29.7020802277841        35.5170333121531       0.138224061390976     
   19.1446660122904        13.3882644307865        3.60190190744452     
   20.4766582290864        6.98609454529582        7.07474122496104     
   19.4041950787335        27.2451583208308        27.6236912388298     
   13.9713899404120       0.574744677604058        13.6075905275267     
   34.8412760225354        12.6310989596032        20.2161795525672     
   27.0104098693730        11.4058891418081        22.5179751084144     
   27.3604045166449        6.99195639150066        31.2343056114492     
   19.3284834245202        25.8825794225455        15.3529741078290     
   27.1413537330610        18.2449614061917        11.4135397046322     
   24.1230230238652        18.7478452725003        3.55476382426706     
   9.05285924857941        22.3803517991092        21.7498269278414     
   8.91587494829638        30.8946077458555        19.2881633019642     
   5.05241433087384        2.20174358560045        5.67556062617392     
   5.04310146013605        29.8585669166104       0.140671162040202     
  0.107868591402615        12.2898673756579        3.60607780072782     
   33.8205321824124        23.6520497929159        1.21275021063107     
   11.4220400889285        6.32038182632585        1.58193274078373     
   10.1623339496447        14.6784837495700        31.1422601635037     
   10.3962961451288        25.9021555596994        32.2209315275869     
   3.28916078086907        20.0751591402922        23.9138607014918     
  0.308358354956343        9.61199816154513        9.48262123573320     
   7.25705164862970        4.98308198246629        25.6007916255425     
   11.1827088671138        1.67668100671868        29.9576410327926     
   15.0417000951085        16.6291397877796        7.79931763780121     
   1.07811901049000        28.9125699798746        30.0083978856312     
   20.1691384890430        19.9267875872677        34.2313492113039     
   2.86083783753280        4.77608101634947        12.1152931732711     
   33.2397416203937        29.8890934262173        34.3908681992821     
   4.02630021786032        27.3674127582368        7.10307854258439     
   8.12892225707746       0.798018229725544        34.3933598899567     
   34.7653521129176        1.96068403854605        15.2883599375644     
   3.73715279598834        27.0530987299952        21.8570093168016     
   7.12314691836325        17.0773416131144        24.8789078537613     
   24.2749502219801        23.0804419039395        30.0149522775949     
   21.0542488598564        31.9724080154906        12.8716815593639     
   2.98004932776409        32.0938206593915        15.2784841097384     
   34.3206765082130        23.6387768681646        7.44559436116677     
   19.9357294103524        8.67697492728627        13.7560633278513     
   7.47974254102053        19.0443631308793        35.3444481474381     
   15.8782357637840        11.0716689102816        34.5820575607751     
   30.6891349924481        23.6230862874854        30.8612514966034     
   15.7060079004815        21.4031755997746        28.8667179279211     
   23.4016735812408        12.2201010484120        11.4983157768989     
   34.0351345066618        23.7661697778303        26.3600161253411     
   33.1092609392161        6.86848431915907        18.6498410744649     
   32.5589335961734       0.709908995717804        29.7778851799188     
  0.142850657839226        18.8351799413746        5.38656953542495     
   24.8147358299170        25.0330871268291        13.2253563815161     
   14.4976552059274        33.3498377028190        6.97497286066295     
   35.5644375102920        27.0582712773977        16.2411444380918     
   21.0100103698797        21.4269855481036        9.63236692998553     
   1.45584666008811       9.127939520023057E-002  0.792088110616318     
   12.1673018084179        30.5951014012147        28.3289778681834     
   10.9045478734473        34.8473327539858        24.5188289082006     
   16.0268412001311        12.1693067103922        11.2592395154131     
   1.36926919563493        3.65282564296106        23.6686210586216     
   24.0635362900116        13.8891760910833        17.1437917269332     
   15.3065515091542        31.4762649664342        22.4827161531566     
   27.9992150722548        25.2671266407156        1.12928664435279     
   19.9118916503411        33.6267077248984        17.6780291351651     
   2.46368900242103        13.9569038622650        24.8995353229844     
   14.8007114132254        8.73345343566788        6.42596213304661     
   9.10967043940513        23.4366246818460        14.7239594515992     
   33.1683090905411        10.3960527640589        26.5637503150822     
   27.2889112820030        34.8739063531245        28.5228761446616     
   8.45211273488844        22.7955633596126        8.47407252935870     
   3.56638428723403        19.6765123313046        18.3849780061710     
   16.8171632352794        16.3520381807719        33.0829224446165     
   12.7422342743117        28.1443578982570        24.5990977008344     
   26.5087785007613        31.4382924258667        17.6824687288352     
   31.6395502036631        33.9288789605041        13.6296357117634     
  0.821974727860505        9.52205215950356        15.1518521675726     
   15.5184231691121        6.42156729728038        11.2743055165813     
   13.6279428418904        20.8880283269694        33.9752843500076     
   20.6673351268915        1.63514432433957        13.5365389236967     
   29.4793259008227        4.54613732298481        24.8431665305687     
   23.9879554747274        19.6639852669022        24.0262216691880     
   15.6730935170765        30.2755694382574        32.7916635610652     
   35.0197441506482        28.7351714306417        22.9284018108628     
   3.58133815504046        16.6211383615685        28.2190413458206     
   23.9334067033521        21.2995547633980        17.2081923404464     
   22.0839985955339        32.5846327231064        22.1300240756562     
   29.1960658967423        12.3977990233165        15.9011840071143     
   33.2282049857531        3.99178463754158        35.2392315658385     
   28.2024373793414        13.4823035540672        29.1327603659802     
   24.7583995055512        2.43470935636163        10.2076544586962     
   30.7840253166919        14.5698974086792        5.68592483665813     
   7.74619382901278        9.23358089929419        31.7103146618513     
   29.7143014018004        27.4184886389601        16.7363371565667     
   30.5494291366336        17.6479633547707        19.6855257488697     
   33.9232983439128        17.8243189429867        24.2969303859966     
   5.99473109478167        27.6241135685607        26.6341716494372     
   14.4367473380610        21.5111116888273        11.3552472620627     
   16.6908616450773        33.9019342097475        28.0730830729945     
   29.0935588501699        15.3447744152792       2.615572268027967E-002
   35.1696279638004        15.7645980426271        9.25754358132979     
   6.21841207419278        11.6319483982922        26.7249147952441     
   15.4520128420463       0.954420740483783        1.05611939004589     
   22.6993313582575        10.2366254122735        27.2366583654162     
   20.5280325174429        14.1314028542603        21.8433966501429     
   16.8185743654635        27.4200896835943        8.21969069200406     
   34.8831936216999        33.5193582035099        4.53071105225905     
   9.57632502965812        20.4070017118282        28.9233101853572     
   16.4605073467300        4.84434346007572        17.1708337775096     
   31.8622978977729        22.7301843623141        12.5644350859926     
   21.0026704278252        35.6984713032829        26.5077817656182     
   12.6661634867483        13.1774180462744        3.75164311638793     
   10.1477130445346        9.89451525246529        22.6761835942813     
   1.84820161408459        12.9644735175541        31.4252979677455     
   14.4544945710023        17.3347730690037        26.6805707488556     
   12.0517004294428        9.90859028414600        12.4329305282671     
   7.33037035033833        27.3860301064615        12.5342346631494     
   28.8014953529727        22.2693203315020        6.14961112440708     
   31.9419561625166        3.88302671292705        4.79275963645251     
   10.0260753825656        5.93586329976614        9.01764719689639     
   18.4860971241230        1.82767206065602        22.0263295653756     
   3.73929182753015        16.2127054348058        13.6387340513826     
   13.6108566250368        35.2193150148052        32.2845716064886     
   2.67084786050291        32.2343756733719        23.0618254338163     
   9.00691432486965        18.0105812441581        12.6485478771846     
   20.5760891439899        8.21120150240825        21.4155069477658     
   15.9187886921484        6.42361655816062        32.4653541043398     
   25.6927128689702        8.75397580013874        15.2378220619794     
   23.0804566260693        26.3839572069054        6.66927638108203     
   25.4212404574553        9.83263429484307        2.84019220810998     
   27.7383519775089        29.4950823028795        4.27463441391902     
   7.07241579770347        12.2080491307085       0.187793879673757     
   23.0085996540241        33.9169714302207        8.24530552085061     
   28.4328042952253        19.5730734782071        27.1603136188645     
   32.4984279464454        10.0884588325135        33.5873197193943     
   34.2094557412231        17.9749017987107        14.3701970826987     
   8.59603235086614        32.1098422645887        8.17493262690276     
   23.7543432362534        1.59667099366203        4.39260195600487     
   5.94434311563275        8.98040262351370        4.85283274718782     
   14.9058623374395        2.80311997090046        5.68951057104826     
   13.3958740058150        26.4049448343537        13.4434004485720     
   20.6959288049370        9.47415269531753        32.7740585424310     
   32.2673738906494        3.58509475170302        10.1568540942512     
   8.30373307463453        2.73559611865006        12.3798822175788     
   29.6573998676381        3.40063571397097        15.1889975453932     
   3.15409882859607        8.34453004232325        23.1559988974335     
   15.7622670949389        30.7540531778993        17.1128761970450     
   3.24498064473252        15.9053104482795        34.7250366947748     
   16.5709162508918        11.9390359166109        28.7447643849219     
   25.4169873818276        18.3105674226413        31.4060309151241     
   28.8347045977216        35.2251150674053        6.41618062134193     
   12.5160884216882        19.8262990002933        16.2269750452599     
   26.1047576472989        13.9706967095753        6.74691029115093     
  0.394081590310627        35.4107474915910        8.64718163577838     
   11.7149714525673        2.93869097824118        19.9211317821690     
   4.80513838805367        23.2361327478746        3.57942254238495     
   9.84479432906980        7.01822480901438        16.4763119531808     
   19.8870293533217        26.3191633456993       0.115478752003924     
   22.7028417810922        5.82056185370531        25.6465963149770     
   23.9440676197244        13.4547055125857        33.2081313489553   